c:\users\floodd\old-laptop-backup\lecturing\2021 - 2022\semester 1\a&ds\lecturers\singlylinkedlist\singlylinkedlist\debug\vc141.pdb
c:\users\floodd\old-laptop-backup\lecturing\2021 - 2022\semester 1\a&ds\lecturers\singlylinkedlist\singlylinkedlist\debug\vc141.idb
c:\users\floodd\old-laptop-backup\lecturing\2021 - 2022\semester 1\a&ds\lecturers\singlylinkedlist\singlylinkedlist\debug\singlylinkedlist.obj
c:\users\floodd\old-laptop-backup\lecturing\2021 - 2022\semester 1\a&ds\lecturers\singlylinkedlist - start\singlylinkedlist\debug\vc141.pdb
c:\users\floodd\old-laptop-backup\lecturing\2021 - 2022\semester 1\a&ds\lecturers\singlylinkedlist - start\singlylinkedlist\debug\vc141.idb
c:\users\floodd\old-laptop-backup\lecturing\2021 - 2022\semester 1\a&ds\lecturers\singlylinkedlist - start\singlylinkedlist\debug\singlylinkedlist.obj
c:\users\mcguinnn\downloads\singlylinkedlist - start (1)\singlylinkedlist - start\singlylinkedlist\debug\vc143.pdb
c:\users\mcguinnn\downloads\singlylinkedlist - start (1)\singlylinkedlist - start\singlylinkedlist\debug\vc143.idb
c:\users\mcguinnn\downloads\singlylinkedlist - start (1)\singlylinkedlist - start\singlylinkedlist\debug\singlylinkedlist.obj
c:\users\floodd\old-laptop-backup\lecturing\2021 - 2022\semester 1\a&ds\lecturers\singlylinkedlist\debug\singlylinkedlist.ilk
c:\users\floodd\old-laptop-backup\lecturing\2021 - 2022\semester 1\a&ds\lecturers\singlylinkedlist\debug\singlylinkedlist.exe
c:\users\floodd\old-laptop-backup\lecturing\2021 - 2022\semester 1\a&ds\lecturers\singlylinkedlist\debug\singlylinkedlist.pdb
c:\users\floodd\old-laptop-backup\lecturing\2021 - 2022\semester 1\a&ds\lecturers\singlylinkedlist - start\debug\singlylinkedlist.exe
c:\users\floodd\old-laptop-backup\lecturing\2021 - 2022\semester 1\a&ds\lecturers\singlylinkedlist - start\debug\singlylinkedlist.ilk
c:\users\floodd\old-laptop-backup\lecturing\2021 - 2022\semester 1\a&ds\lecturers\singlylinkedlist - start\debug\singlylinkedlist.pdb
c:\users\mcguinnn\downloads\singlylinkedlist - start (1)\singlylinkedlist - start\singlylinkedlist\debug\singlylinkedlist.ilk
c:\users\mcguinnn\downloads\singlylinkedlist - start (1)\singlylinkedlist - start\debug\singlylinkedlist.exe
c:\users\mcguinnn\downloads\singlylinkedlist - start (1)\singlylinkedlist - start\debug\singlylinkedlist.pdb
d:\work\2022-23\semester 1\a&ds\repos\ads_single_linkedlist_exercises\singlylinkedlist\debug\singlylinkedlist.obj
d:\work\2022-23\semester 1\a&ds\repos\ads_single_linkedlist_exercises\singlylinkedlist\debug\singlylinkedlist.ilk
d:\work\2022-23\semester 1\a&ds\repos\ads_single_linkedlist_exercises\singlylinkedlist\debug\vc141.idb
d:\work\2022-23\semester 1\a&ds\repos\ads_single_linkedlist_exercises\singlylinkedlist\debug\vc143.idb
d:\work\2022-23\semester 1\a&ds\repos\ads_single_linkedlist_exercises\singlylinkedlist\debug\vc141.pdb
d:\work\2022-23\semester 1\a&ds\repos\ads_single_linkedlist_exercises\singlylinkedlist\debug\vc143.pdb
d:\work\2022-23\semester 1\a&ds\repos\ads_single_linkedlist_exercises\debug\singlylinkedlist.pdb
d:\work\2022-23\semester 1\a&ds\repos\ads_single_linkedlist_exercises\debug\singlylinkedlist.exe
d:\work\2022-23\semester 1\a&ds\repos\ads_single_linkedlist_exercises\debug\singlylinkedlist.ilk
d:\work\2022-23\semester 1\a&ds\repos\ads_single_linkedlist_exercises\singlylinkedlist\debug\singlylinkedlist.tlog\cl.command.1.tlog
d:\work\2022-23\semester 1\a&ds\repos\ads_single_linkedlist_exercises\singlylinkedlist\debug\singlylinkedlist.tlog\cl.read.1.tlog
d:\work\2022-23\semester 1\a&ds\repos\ads_single_linkedlist_exercises\singlylinkedlist\debug\singlylinkedlist.tlog\cl.write.1.tlog
d:\work\2022-23\semester 1\a&ds\repos\ads_single_linkedlist_exercises\singlylinkedlist\debug\singlylinkedlist.tlog\link.command.1.tlog
d:\work\2022-23\semester 1\a&ds\repos\ads_single_linkedlist_exercises\singlylinkedlist\debug\singlylinkedlist.tlog\link.read.1.tlog
d:\work\2022-23\semester 1\a&ds\repos\ads_single_linkedlist_exercises\singlylinkedlist\debug\singlylinkedlist.tlog\link.write.1.tlog
